<?xml version="1.0" encoding="UTF-8"?>
<testng-results ignored="0" total="3" passed="3" failed="0" skipped="0">
  <reporter-output>
  </reporter-output>
  <suite started-at="2026-05-21T06:21:00 UTC" name="AutoTest-Suite" finished-at="2026-05-21T06:21:07 UTC" duration-ms="7673">
    <groups>
    </groups>
    <test started-at="2026-05-21T06:21:00 UTC" name="Login Tests" finished-at="2026-05-21T06:21:07 UTC" duration-ms="7673">
      <class name="com.autotest.tests.LoginTest">
        <test-method is-config="true" signature="setup()[pri:0, instance:com.autotest.tests.LoginTest@7f1302d6]" started-at="2026-05-21T06:21:00 UTC" name="setup" finished-at="2026-05-21T06:21:02 UTC" duration-ms="1979" status="PASS">
          <reporter-output>
          </reporter-output>
        </test-method> <!-- setup -->
        <test-method signature="testValidLogin()[pri:1, instance:com.autotest.tests.LoginTest@7f1302d6]" started-at="2026-05-21T06:21:02 UTC" name="testValidLogin" description="Valid login should redirect to inventory page" finished-at="2026-05-21T06:21:03 UTC" duration-ms="992" status="PASS">
          <reporter-output>
          </reporter-output>
        </test-method> <!-- testValidLogin -->
        <test-method signature="testInvalidLogin()[pri:2, instance:com.autotest.tests.LoginTest@7f1302d6]" started-at="2026-05-21T06:21:03 UTC" name="testInvalidLogin" description="Invalid login should show error message" finished-at="2026-05-21T06:21:05 UTC" duration-ms="2420" status="PASS">
          <reporter-output>
          </reporter-output>
        </test-method> <!-- testInvalidLogin -->
        <test-method signature="testEmptyCredentials()[pri:3, instance:com.autotest.tests.LoginTest@7f1302d6]" started-at="2026-05-21T06:21:05 UTC" name="testEmptyCredentials" description="Empty credentials should show error" finished-at="2026-05-21T06:21:07 UTC" duration-ms="2164" status="PASS">
          <reporter-output>
          </reporter-output>
        </test-method> <!-- testEmptyCredentials -->
        <test-method is-config="true" signature="teardown()[pri:0, instance:com.autotest.tests.LoginTest@7f1302d6]" started-at="2026-05-21T06:21:07 UTC" name="teardown" finished-at="2026-05-21T06:21:07 UTC" duration-ms="83" status="PASS">
          <reporter-output>
          </reporter-output>
        </test-method> <!-- teardown -->
      </class> <!-- com.autotest.tests.LoginTest -->
    </test> <!-- Login Tests -->
  </suite> <!-- AutoTest-Suite -->
</testng-results>
