<?xml version="1.0" encoding="UTF-8"?>
<!-- Generated by org.testng.reporters.JUnitReportReporter -->
<testsuite hostname="codespaces-87468e" failures="0" tests="3" name="com.autotest.tests.LoginTest" time="5.576" errors="0" timestamp="2026-05-21T06:21:07 UTC" skipped="0">
  <testcase classname="com.autotest.tests.LoginTest" name="testValidLogin" time="0.992"/>
  <testcase classname="com.autotest.tests.LoginTest" name="testInvalidLogin" time="2.420"/>
  <testcase classname="com.autotest.tests.LoginTest" name="testEmptyCredentials" time="2.164"/>
</testsuite> <!-- com.autotest.tests.LoginTest -->
